{
  "0 debug pnpm:scope": {
    "selected": 1,
    "workspacePrefix": "/home/rodrigosilva/Workspace/juquinha"
  },
  "1 error pnpm": {
    "errno": 1,
    "code": "ELIFECYCLE",
    "pkgid": "juquinha@0.0.1",
    "stage": "bootstrap",
    "script": "npx pnpm recursive install",
    "pkgname": "juquinha",
    "err": {
      "name": "pnpm",
      "message": "juquinha@0.0.1 bootstrap: `npx pnpm recursive install`\nExit status 1",
      "code": "ELIFECYCLE",
      "stack": "pnpm: juquinha@0.0.1 bootstrap: `npx pnpm recursive install`\nExit status 1\n    at EventEmitter.<anonymous> (/home/rodrigosilva/.nvm/versions/node/v14.18.2/pnpm-global/5/node_modules/.pnpm/pnpm@6.28.0/node_modules/pnpm/dist/pnpm.cjs:105434:20)\n    at EventEmitter.emit (events.js:400:28)\n    at ChildProcess.<anonymous> (/home/rodrigosilva/.nvm/versions/node/v14.18.2/pnpm-global/5/node_modules/.pnpm/pnpm@6.28.0/node_modules/pnpm/dist/pnpm.cjs:91983:18)\n    at ChildProcess.emit (events.js:400:28)\n    at maybeClose (internal/child_process.js:1058:16)\n    at Process.ChildProcess._handle.onexit (internal/child_process.js:293:5)"
    }
  },
  "2 warn pnpm:global": " Local package.json exists, but node_modules missing, did you mean to install?"
}